This is XeTeX, Version 3.14159265-2.6-0.99992 (TeX Live 2015) (preloaded format=xelatex 2016.4.6)  13 DEC 2016 10:39
entering extended mode
 restricted \write18 enabled.
 %&-line parsing enabled.
**bqmail.tex
(./bqmail.tex
LaTeX2e <2015/01/01>
Babel <3.9l> and hyphenation patterns for 79 languages loaded.
(/usr/local/texlive/2015/texmf-dist/tex/latex/base/report.cls
Document Class: report 2014/09/29 v1.4h Standard LaTeX document class
(/usr/local/texlive/2015/texmf-dist/tex/latex/base/size12.clo
File: size12.clo 2014/09/29 v1.4h Standard LaTeX file (size option)
)
\c@part=\count79
\c@chapter=\count80
\c@section=\count81
\c@subsection=\count82
\c@subsubsection=\count83
\c@paragraph=\count84
\c@subparagraph=\count85
\c@figure=\count86
\c@table=\count87
\abovecaptionskip=\skip41
\belowcaptionskip=\skip42
\bibindent=\dimen102
)
(/usr/local/texlive/2015/texmf-dist/tex/latex/geometry/geometry.sty
Package: geometry 2010/09/12 v5.6 Page Geometry

(/usr/local/texlive/2015/texmf-dist/tex/latex/graphics/keyval.sty
Package: keyval 2014/10/28 v1.15 key=value parser (DPC)
\KV@toks@=\toks14
)
(/usr/local/texlive/2015/texmf-dist/tex/generic/oberdiek/ifpdf.sty
Package: ifpdf 2011/01/30 v2.3 Provides the ifpdf switch (HO)
Package ifpdf Info: pdfTeX in PDF mode is not detected.
)
(/usr/local/texlive/2015/texmf-dist/tex/generic/oberdiek/ifvtex.sty
Package: ifvtex 2010/03/01 v1.5 Detect VTeX and its facilities (HO)
Package ifvtex Info: VTeX not detected.
)
(/usr/local/texlive/2015/texmf-dist/tex/generic/ifxetex/ifxetex.sty
Package: ifxetex 2010/09/12 v0.6 Provides ifxetex conditional
)
\Gm@cnth=\count88
\Gm@cntv=\count89
\c@Gm@tempcnt=\count90
\Gm@bindingoffset=\dimen103
\Gm@wd@mp=\dimen104
\Gm@odd@mp=\dimen105
\Gm@even@mp=\dimen106
\Gm@layoutwidth=\dimen107
\Gm@layoutheight=\dimen108
\Gm@layouthoffset=\dimen109
\Gm@layoutvoffset=\dimen110
\Gm@dimlist=\toks15
)
(/usr/local/texlive/2015/texmf-dist/tex/latex/fontspec/fontspec.sty
Package: fontspec 2015/03/14 v2.4c Font selection for XeLaTeX and LuaLaTeX

(/usr/local/texlive/2015/texmf-dist/tex/latex/l3kernel/expl3.sty
Package: expl3 2015/03/01 v5547 L3 programming layer (loader) 

(/usr/local/texlive/2015/texmf-dist/tex/latex/l3kernel/expl3-code.tex
Package: expl3 2015/03/01 v5547 L3 programming layer (code) 
L3 Module: l3bootstrap 2015/02/28 v5542 L3 Bootstrap code
L3 Module: l3names 2015/02/24 v5535 L3 Namespace for primitives
L3 Module: l3basics 2015/01/27 v5500 L3 Basic definitions
L3 Module: l3expan 2014/11/27 v5472 L3 Argument expansion
L3 Module: l3tl 2015/01/27 v5500 L3 Token lists
L3 Module: l3str 2015/03/01 v5545 L3 Strings
L3 Module: l3seq 2014/08/23 v5354 L3 Sequences and stacks
L3 Module: l3int 2015/02/21 v5529 L3 Integers
\c_max_int=\count91
\l_tmpa_int=\count92
\l_tmpb_int=\count93
\g_tmpa_int=\count94
\g_tmpb_int=\count95
L3 Module: l3quark 2014/08/23 v5354 L3 Quarks
L3 Module: l3prg 2014/08/23 v5354 L3 Control structures
\g__prg_map_int=\count96
L3 Module: l3clist 2014/08/23 v5354 L3 Comma separated lists
L3 Module: l3token 2014/09/15 v5422 L3 Experimental token manipulation
L3 Module: l3prop 2014/08/23 v5354 L3 Property lists
L3 Module: l3msg 2015/02/26 v5537 L3 Messages
L3 Module: l3file 2014/08/24 v5369 L3 File and I/O operations
\l_iow_line_count_int=\count97
\l__iow_target_count_int=\count98
\l__iow_current_line_int=\count99
\l__iow_current_word_int=\count100
\l__iow_current_indentation_int=\count101
L3 Module: l3skip 2014/08/23 v5354 L3 Dimensions and skips
\c_zero_dim=\dimen111
\c_max_dim=\dimen112
\l_tmpa_dim=\dimen113
\l_tmpb_dim=\dimen114
\g_tmpa_dim=\dimen115
\g_tmpb_dim=\dimen116
\c_zero_skip=\skip43
\c_max_skip=\skip44
\l_tmpa_skip=\skip45
\l_tmpb_skip=\skip46
\g_tmpa_skip=\skip47
\g_tmpb_skip=\skip48
\c_zero_muskip=\muskip10
\c_max_muskip=\muskip11
\l_tmpa_muskip=\muskip12
\l_tmpb_muskip=\muskip13
\g_tmpa_muskip=\muskip14
\g_tmpb_muskip=\muskip15
L3 Module: l3keys 2015/01/27 v5500 L3 Key-value interfaces
\g__keyval_level_int=\count102
\l_keys_choice_int=\count103
L3 Module: l3fp 2014/08/22 v5336 L3 Floating points
\c__fp_leading_shift_int=\count104
\c__fp_middle_shift_int=\count105
\c__fp_trailing_shift_int=\count106
\c__fp_big_leading_shift_int=\count107
\c__fp_big_middle_shift_int=\count108
\c__fp_big_trailing_shift_int=\count109
\c__fp_Bigg_leading_shift_int=\count110
\c__fp_Bigg_middle_shift_int=\count111
\c__fp_Bigg_trailing_shift_int=\count112
L3 Module: l3box 2014/08/23 v5354 L3 Experimental boxes
\c_empty_box=\box26
\l_tmpa_box=\box27
\l_tmpb_box=\box28
\g_tmpa_box=\box29
\g_tmpb_box=\box30
L3 Module: l3coffins 2014/08/23 v5354 L3 Coffin code layer
\l__coffin_internal_box=\box31
\l__coffin_internal_dim=\dimen117
\l__coffin_offset_x_dim=\dimen118
\l__coffin_offset_y_dim=\dimen119
\l__coffin_x_dim=\dimen120
\l__coffin_y_dim=\dimen121
\l__coffin_x_prime_dim=\dimen122
\l__coffin_y_prime_dim=\dimen123
\c_empty_coffin=\box32
\l__coffin_aligned_coffin=\box33
\l__coffin_aligned_internal_coffin=\box34
\l_tmpa_coffin=\box35
\l_tmpb_coffin=\box36
\l__coffin_display_coffin=\box37
\l__coffin_display_coord_coffin=\box38
\l__coffin_display_pole_coffin=\box39
\l__coffin_display_offset_dim=\dimen124
\l__coffin_display_x_dim=\dimen125
\l__coffin_display_y_dim=\dimen126
L3 Module: l3color 2014/08/23 v5354 L3 Experimental color support
L3 Module: l3candidates 2015/03/01 v5544 L3 Experimental additions to l3kernel
\l__box_top_dim=\dimen127
\l__box_bottom_dim=\dimen128
\l__box_left_dim=\dimen129
\l__box_right_dim=\dimen130
\l__box_top_new_dim=\dimen131
\l__box_bottom_new_dim=\dimen132
\l__box_left_new_dim=\dimen133
\l__box_right_new_dim=\dimen134
\l__box_internal_box=\box40
\l__coffin_bounding_shift_dim=\dimen135
\l__coffin_left_corner_dim=\dimen136
\l__coffin_right_corner_dim=\dimen137
\l__coffin_bottom_corner_dim=\dimen138
\l__coffin_top_corner_dim=\dimen139
\l__coffin_scaled_total_height_dim=\dimen140
\l__coffin_scaled_width_dim=\dimen141
)
(/usr/local/texlive/2015/texmf-dist/tex/latex/l3kernel/l3unicode-data.def
File: l3unicode-data.def 2015/03/01 v5544 L3 Unicode data
)
(/usr/local/texlive/2015/texmf-dist/tex/latex/l3kernel/l3xdvipdfmx.def
File: l3xdvidpfmx.def 2015/03/01 v5544 L3 Experimental driver: xdvipdfmx
))
(/usr/local/texlive/2015/texmf-dist/tex/latex/l3packages/xparse/xparse.sty
Package: xparse 2014/11/25 v5471 L3 Experimental document command parser
\l__xparse_current_arg_int=\count113
\l__xparse_m_args_int=\count114
\l__xparse_mandatory_args_int=\count115
\l__xparse_processor_int=\count116
\l__xparse_v_nesting_int=\count117
)
\l_fontspec_script_int=\count118
\l_fontspec_language_int=\count119
\l_fontspec_strnum_int=\count120
\l__fontspec_tmpa_dim=\dimen142
\l__fontspec_tmpb_dim=\dimen143
\l__fontspec_tmpc_dim=\dimen144
Variant \tl_gset:cV already defined; not changing it on line 71

(/usr/local/texlive/2015/texmf-dist/tex/latex/fontspec/fontspec-patches.sty
Package: fontspec-patches 2015/03/14 v2.4c Font selection for XeLaTeX and LuaLa
TeX
LaTeX Info: Redefining \em on input line 49.
LaTeX Info: Redefining \emph on input line 57.
LaTeX Info: Redefining \- on input line 60.
.................................................
. LaTeX info: "xparse/redefine-command"
. 
. Redefining command \oldstylenums with sig. 'm' on line 155.
.................................................
.................................................
. LaTeX info: "xparse/define-command"
. 
. Defining command \liningnums with sig. 'm' on line 159.
.................................................
)
(/usr/local/texlive/2015/texmf-dist/tex/latex/fontspec/fontspec-xetex.sty
Package: fontspec-xetex 2015/03/14 v2.4c Font selection for XeLaTeX and LuaLaTe
X

(/usr/local/texlive/2015/texmf-dist/tex/latex/base/fontenc.sty
Package: fontenc 2005/09/27 v1.99g Standard LaTeX package

(/usr/local/texlive/2015/texmf-dist/tex/latex/euenc/eu1enc.def
File: eu1enc.def 2010/05/27 v0.1h Experimental Unicode font encodings
)
LaTeX Font Info:    Try loading font information for EU1+lmr on input line 105.


(/usr/local/texlive/2015/texmf-dist/tex/latex/euenc/eu1lmr.fd
File: eu1lmr.fd 2009/10/30 v1.6 Font defs for Latin Modern
))
(/usr/local/texlive/2015/texmf-dist/tex/xelatex/xunicode/xunicode.sty
File: xunicode.sty 2011/09/09 v0.981 provides access to latin accents and many 
other characters in Unicode lower plane

(/usr/local/texlive/2015/texmf-dist/tex/latex/tipa/t3enc.def
File: t3enc.def 2001/12/31 T3 encoding
LaTeX Font Info:    Try loading font information for EU1+lmss on input line 357
.

(/usr/local/texlive/2015/texmf-dist/tex/latex/euenc/eu1lmss.fd
File: eu1lmss.fd 2009/10/30 v1.6 Font defs for Latin Modern
))
\tipaTiiicode=\count121
\tipasavetokens=\toks16
\tipachecktokens=\toks17

(/usr/local/texlive/2015/texmf-dist/tex/latex/graphics/graphicx.sty
Package: graphicx 2014/10/28 v1.0g Enhanced LaTeX Graphics (DPC,SPQR)

(/usr/local/texlive/2015/texmf-dist/tex/latex/graphics/graphics.sty
Package: graphics 2014/10/28 v1.0p Standard LaTeX Graphics (DPC,SPQR)

(/usr/local/texlive/2015/texmf-dist/tex/latex/graphics/trig.sty
Package: trig 1999/03/16 v1.09 sin cos tan (DPC)
)
(/usr/local/texlive/2015/texmf-dist/tex/latex/latexconfig/graphics.cfg
File: graphics.cfg 2010/04/23 v1.9 graphics configuration of TeX Live
)
Package graphics Info: Driver file: xetex.def on input line 94.

(/usr/local/texlive/2015/texmf-dist/tex/xelatex/xetex-def/xetex.def
File: xetex.def 2015/03/25 v4.04 LaTeX color/graphics driver for XeTeX (TeX Liv
e/RRM/JK)
))
\Gin@req@height=\dimen145
\Gin@req@width=\dimen146
))
.................................................
. LaTeX info: "xparse/define-command"
. 
. Defining command \__fontspec_post_arg:w with sig. 'mmO{}' on line 42.
.................................................
.................................................
. LaTeX info: "xparse/define-command"
. 
. Defining command \fontspec with sig. 'om' on line 44.
.................................................
.................................................
. LaTeX info: "xparse/define-command"
. 
. Defining command \setmainfont with sig. 'om' on line 54.
.................................................
.................................................
. LaTeX info: "xparse/define-command"
. 
. Defining command \setsansfont with sig. 'om' on line 64.
.................................................
.................................................
. LaTeX info: "xparse/define-command"
. 
. Defining command \setmonofont with sig. 'om' on line 74.
.................................................
.................................................
. LaTeX info: "xparse/define-command"
. 
. Defining command \setmathrm with sig. 'om' on line 88.
.................................................
.................................................
. LaTeX info: "xparse/define-command"
. 
. Defining command \setboldmathrm with sig. 'om' on line 96.
.................................................
.................................................
. LaTeX info: "xparse/define-command"
. 
. Defining command \setmathsf with sig. 'om' on line 104.
.................................................
.................................................
. LaTeX info: "xparse/define-command"
. 
. Defining command \setmathtt with sig. 'om' on line 112.
.................................................
.................................................
. LaTeX info: "xparse/define-command"
. 
. Defining command \newfontfamily with sig. 'mom' on line 126.
.................................................
.................................................
. LaTeX info: "xparse/define-command"
. 
. Defining command \newfontface with sig. 'mom' on line 141.
.................................................
.................................................
. LaTeX info: "xparse/define-command"
. 
. Defining command \defaultfontfeatures with sig. 't+om' on line 155.
.................................................
.................................................
. LaTeX info: "xparse/define-command"
. 
. Defining command \addfontfeatures with sig. 'm' on line 210.
.................................................
.................................................
. LaTeX info: "xparse/define-command"
. 
. Defining command \newfontfeature with sig. 'mm' on line 221.
.................................................
.................................................
. LaTeX info: "xparse/define-command"
. 
. Defining command \newAATfeature with sig. 'mmmm' on line 229.
.................................................
.................................................
. LaTeX info: "xparse/define-command"
. 
. Defining command \newopentypefeature with sig. 'mmm' on line 237.
.................................................
.................................................
. LaTeX info: "xparse/define-command"
. 
. Defining command \aliasfontfeature with sig. 'mm' on line 261.
.................................................
.................................................
. LaTeX info: "xparse/define-command"
. 
. Defining command \aliasfontfeatureoption with sig. 'mmm' on line 270.
.................................................
.................................................
. LaTeX info: "xparse/define-command"
. 
. Defining command \newfontscript with sig. 'mm' on line 275.
.................................................
.................................................
. LaTeX info: "xparse/define-command"
. 
. Defining command \newfontlanguage with sig. 'mm' on line 301.
.................................................
.................................................
. LaTeX info: "xparse/define-command"
. 
. Defining command \DeclareFontsExtensions with sig. 'm' on line 321.
.................................................
Variant \prop_gput:cnV already defined; not changing it on line 704
Variant \prop_gput:cnx already defined; not changing it on line 705
\l__fontspec_tmp_int=\count122
LaTeX Info: Redefining \itshape on input line 2232.
LaTeX Info: Redefining \slshape on input line 2237.
LaTeX Info: Redefining \scshape on input line 2242.
LaTeX Info: Redefining \upshape on input line 2247.

(/usr/local/texlive/2015/texmf-dist/tex/latex/fontspec/fontspec.cfg)))
(/usr/local/texlive/2015/texmf-dist/tex/latex/preprint/authblk.sty
Package: authblk 2001/02/27 1.3 (PWD)
\affilsep=\skip49
\@affilsep=\skip50
\c@Maxaffil=\count123
\c@authors=\count124
\c@affil=\count125
)
(/usr/local/texlive/2015/texmf-dist/tex/latex/hyperref/hyperref.sty
Package: hyperref 2012/11/06 v6.83m Hypertext links for LaTeX

(/usr/local/texlive/2015/texmf-dist/tex/generic/oberdiek/hobsub-hyperref.sty
Package: hobsub-hyperref 2012/05/28 v1.13 Bundle oberdiek, subset hyperref (HO)


(/usr/local/texlive/2015/texmf-dist/tex/generic/oberdiek/hobsub-generic.sty
Package: hobsub-generic 2012/05/28 v1.13 Bundle oberdiek, subset generic (HO)
Package: hobsub 2012/05/28 v1.13 Construct package bundles (HO)
Package: infwarerr 2010/04/08 v1.3 Providing info/warning/error messages (HO)
Package: ltxcmds 2011/11/09 v1.22 LaTeX kernel commands for general use (HO)
Package: ifluatex 2010/03/01 v1.3 Provides the ifluatex switch (HO)
Package ifluatex Info: LuaTeX not detected.
Package hobsub Info: Skipping package `ifvtex' (already loaded).
Package: intcalc 2007/09/27 v1.1 Expandable calculations with integers (HO)
Package hobsub Info: Skipping package `ifpdf' (already loaded).
Package: etexcmds 2011/02/16 v1.5 Avoid name clashes with e-TeX commands (HO)
Package etexcmds Info: Could not find \expanded.
(etexcmds)             That can mean that you are not using pdfTeX 1.50 or
(etexcmds)             that some package has redefined \expanded.
(etexcmds)             In the latter case, load this package earlier.
Package: kvsetkeys 2012/04/25 v1.16 Key value parser (HO)
Package: kvdefinekeys 2011/04/07 v1.3 Define keys (HO)
Package: pdftexcmds 2011/11/29 v0.20 Utility functions of pdfTeX for LuaTeX (HO
)
Package pdftexcmds Info: LuaTeX not detected.
Package pdftexcmds Info: pdfTeX >= 1.30 not detected.
Package pdftexcmds Info: \pdf@primitive is available.
Package pdftexcmds Info: \pdf@ifprimitive is available.
Package pdftexcmds Info: \pdfdraftmode not found.
Package: pdfescape 2011/11/25 v1.13 Implements pdfTeX's escape features (HO)
Package: bigintcalc 2012/04/08 v1.3 Expandable calculations on big integers (HO
)
Package: bitset 2011/01/30 v1.1 Handle bit-vector datatype (HO)
Package: uniquecounter 2011/01/30 v1.2 Provide unlimited unique counter (HO)
)
Package hobsub Info: Skipping package `hobsub' (already loaded).
Package: letltxmacro 2010/09/02 v1.4 Let assignment for LaTeX macros (HO)
Package: hopatch 2012/05/28 v1.2 Wrapper for package hooks (HO)
Package: xcolor-patch 2011/01/30 xcolor patch
Package: atveryend 2011/06/30 v1.8 Hooks at the very end of document (HO)
Package atveryend Info: \enddocument detected (standard20110627).
Package: atbegshi 2011/10/05 v1.16 At begin shipout hook (HO)
Package: refcount 2011/10/16 v3.4 Data extraction from label references (HO)
Package: hycolor 2011/01/30 v1.7 Color options for hyperref/bookmark (HO)
)
(/usr/local/texlive/2015/texmf-dist/tex/latex/oberdiek/auxhook.sty
Package: auxhook 2011/03/04 v1.3 Hooks for auxiliary files (HO)
)
(/usr/local/texlive/2015/texmf-dist/tex/latex/oberdiek/kvoptions.sty
Package: kvoptions 2011/06/30 v3.11 Key value format for package options (HO)
)
\@linkdim=\dimen147
\Hy@linkcounter=\count126
\Hy@pagecounter=\count127

(/usr/local/texlive/2015/texmf-dist/tex/latex/hyperref/pd1enc.def
File: pd1enc.def 2012/11/06 v6.83m Hyperref: PDFDocEncoding definition (HO)
)
\Hy@SavedSpaceFactor=\count128

(/usr/local/texlive/2015/texmf-dist/tex/latex/latexconfig/hyperref.cfg
File: hyperref.cfg 2002/06/06 v1.2 hyperref configuration of TeXLive
)
Package hyperref Info: Option `colorlinks' set `true' on input line 4319.
Package hyperref Info: Hyper figures OFF on input line 4443.
Package hyperref Info: Link nesting OFF on input line 4448.
Package hyperref Info: Hyper index ON on input line 4451.
Package hyperref Info: Plain pages OFF on input line 4458.
Package hyperref Info: Backreferencing OFF on input line 4463.
Package hyperref Info: Implicit mode ON; LaTeX internals redefined.
Package hyperref Info: Bookmarks ON on input line 4688.
\c@Hy@tempcnt=\count129

(/usr/local/texlive/2015/texmf-dist/tex/latex/url/url.sty
\Urlmuskip=\muskip16
Package: url 2013/09/16  ver 3.4  Verb mode for urls, etc.
)
LaTeX Info: Redefining \url on input line 5041.
\XeTeXLinkMargin=\dimen148
\Fld@menulength=\count130
\Field@Width=\dimen149
\Fld@charsize=\dimen150
Package hyperref Info: Hyper figures OFF on input line 6295.
Package hyperref Info: Link nesting OFF on input line 6300.
Package hyperref Info: Hyper index ON on input line 6303.
Package hyperref Info: backreferencing OFF on input line 6310.
Package hyperref Info: Link coloring ON on input line 6313.
Package hyperref Info: Link coloring with OCG OFF on input line 6320.
Package hyperref Info: PDF/A mode OFF on input line 6325.
LaTeX Info: Redefining \ref on input line 6365.
LaTeX Info: Redefining \pageref on input line 6369.
\Hy@abspage=\count131
\c@Item=\count132
\c@Hfootnote=\count133
)

Package hyperref Message: Driver (autodetected): hxetex.

(/usr/local/texlive/2015/texmf-dist/tex/latex/hyperref/hxetex.def
File: hxetex.def 2012/11/06 v6.83m Hyperref driver for XeTeX

(/usr/local/texlive/2015/texmf-dist/tex/latex/hyperref/puenc.def
File: puenc.def 2012/11/06 v6.83m Hyperref: PDF Unicode definition (HO)
)
(/usr/local/texlive/2015/texmf-dist/tex/generic/oberdiek/stringenc.sty
Package: stringenc 2011/12/02 v1.10 Convert strings between diff. encodings (HO
)
)
\pdfm@box=\box41
\c@Hy@AnnotLevel=\count134
\HyField@AnnotCount=\count135
\Fld@listcount=\count136
\c@bookmark@seq@number=\count137

(/usr/local/texlive/2015/texmf-dist/tex/latex/oberdiek/rerunfilecheck.sty
Package: rerunfilecheck 2011/04/15 v1.7 Rerun checks for auxiliary files (HO)
Package rerunfilecheck Info: Feature \pdfmdfivesum is not available
(rerunfilecheck)             (e.g. pdfTeX or LuaTeX with package `pdftexcmds').

(rerunfilecheck)             Therefore file contents cannot be checked efficien
tly
(rerunfilecheck)             and the loading of the package is aborted.
)
\Hy@SectionHShift=\skip51
)
(/usr/local/texlive/2015/texmf-dist/tex/latex/listings/listings.sty
\lst@mode=\count138
\lst@gtempboxa=\box42
\lst@token=\toks18
\lst@length=\count139
\lst@currlwidth=\dimen151
\lst@column=\count140
\lst@pos=\count141
\lst@lostspace=\dimen152
\lst@width=\dimen153
\lst@newlines=\count142
\lst@lineno=\count143
\lst@maxwidth=\dimen154

(/usr/local/texlive/2015/texmf-dist/tex/latex/listings/lstmisc.sty
File: lstmisc.sty 2014/09/06 1.5e (Carsten Heinz)
\c@lstnumber=\count144
\lst@skipnumbers=\count145
\lst@framebox=\box43
)
(/usr/local/texlive/2015/texmf-dist/tex/latex/listings/listings.cfg
File: listings.cfg 2014/09/06 1.5e listings configuration
))
Package: listings 2014/09/06 1.5e (Carsten Heinz)

(/usr/local/texlive/2015/texmf-dist/tex/latex/booktabs/booktabs.sty
Package: booktabs 2005/04/14 v1.61803 publication quality tables
\heavyrulewidth=\dimen155
\lightrulewidth=\dimen156
\cmidrulewidth=\dimen157
\belowrulesep=\dimen158
\belowbottomsep=\dimen159
\aboverulesep=\dimen160
\abovetopsep=\dimen161
\cmidrulesep=\dimen162
\cmidrulekern=\dimen163
\defaultaddspace=\dimen164
\@cmidla=\count146
\@cmidlb=\count147
\@aboverulesep=\dimen165
\@belowrulesep=\dimen166
\@thisruleclass=\count148
\@lastruleclass=\count149
\@thisrulewidth=\dimen167
)
(/usr/local/texlive/2015/texmf-dist/tex/latex/titlesec/titlesec.sty
Package: titlesec 2011/12/15 v2.10.0 Sectioning titles
\ttl@box=\box44
\beforetitleunit=\skip52
\aftertitleunit=\skip53
\ttl@plus=\dimen168
\ttl@minus=\dimen169
\ttl@toksa=\toks19
\titlewidth=\dimen170
\titlewidthlast=\dimen171
\titlewidthfirst=\dimen172
)
\g__file_internal_ior=\read1
.................................................
. fontspec info: "no-scripts"
. 
. Font Times New Roman does not contain any OpenType `Script' information.
.................................................
\g__fontspec_family_TimesNewRoman_int=\count150
.................................................
. fontspec info: "defining-font"
. 
. Font family 'TimesNewRoman(0)' created for font 'Times New Roman' with
. options [Ligatures=TeX].
. 
. This font family consists of the following shapes:
. 
. * 'normal' with NFSS spec.:
. <->"Times New Roman/OT:mapping=tex-text;"
. 
. * 'small caps' with NFSS spec.:
. 
. and font adjustment code:
. 
. 
. * 'bold' with NFSS spec.:
. <->"Times New Roman/B/OT:mapping=tex-text;"
. 
. * 'bold small caps' with NFSS spec.:
. 
. and font adjustment code:
. 
. 
. * 'italic' with NFSS spec.:
. <->"Times New Roman/I/OT:mapping=tex-text;"
. 
. * 'small caps' with NFSS spec.:
. 
. and font adjustment code:
. 
. 
. * 'bold italic' with NFSS spec.:
. <->"Times New Roman/BI/OT:mapping=tex-text;"
. 
. * 'bold small caps' with NFSS spec.:
. 
. and font adjustment code:
. 
.................................................


!!!!!!!!!!!!!!!!!!!!!!!!!!!!!!!!!!!!!!!!!!!!!!!!
!
! fontspec error: "font-not-found"
! 
! The font "Consolas" cannot be found.
! 
! See the fontspec documentation for further information.
! 
! For immediate help type H <return>.
!...............................................  
                                                  
l.17 \newfontfamily{\C}{Consolas}
                                 
|'''''''''''''''''''''''''''''''''''''''''''''''
| A font might not be found for many reasons.
| Check the spelling, where the font is installed etc. etc.
| 
| When in doubt, ask someone for help!
|...............................................

.................................................
. fontspec info: "no-scripts"
. 
. Font Consolas does not contain any OpenType `Script' information.
.................................................
\g__fontspec_family_Consolas_int=\count151
.................................................
. fontspec info: "no-font-shape"
. 
. Could not resolve font Consolas/BI (it probably doesn't exist).
.................................................
.................................................
. fontspec info: "no-font-shape"
. 
. Could not resolve font Consolas/B (it probably doesn't exist).
.................................................
.................................................
. fontspec info: "no-font-shape"
. 
. Could not resolve font Consolas/I (it probably doesn't exist).
.................................................

!!!!!!!!!!!!!!!!!!!!!!!!!!!!!!!!!!!!!!!!!!!!!!!!
!
! fontspec error: "font-not-found"
! 
! The font "Consolas" cannot be found.
! 
! See the fontspec documentation for further information.
! 
! For immediate help type H <return>.
!...............................................  
                                                  
l.17 \newfontfamily{\C}{Consolas}
                                 
|'''''''''''''''''''''''''''''''''''''''''''''''
| A font might not be found for many reasons.
| Check the spelling, where the font is installed etc. etc.
| 
| When in doubt, ask someone for help!
|...............................................


!!!!!!!!!!!!!!!!!!!!!!!!!!!!!!!!!!!!!!!!!!!!!!!!
!
! fontspec error: "font-not-found"
! 
! The font "Consolas" cannot be found.
! 
! See the fontspec documentation for further information.
! 
! For immediate help type H <return>.
!...............................................  
                                                  
l.17 \newfontfamily{\C}{Consolas}
                                 
|'''''''''''''''''''''''''''''''''''''''''''''''
| A font might not be found for many reasons.
| Check the spelling, where the font is installed etc. etc.
| 
| When in doubt, ask someone for help!
|...............................................

.................................................
. fontspec info: "defining-font"
. 
. Font family 'Consolas(0)' created for font 'Consolas' with options [].
. 
. This font family consists of the following shapes:
. 
. * 'normal' with NFSS spec.:
. <->"Consolas:"
. 
. * 'small caps' with NFSS spec.:
. <->"Consolas:"
. and font adjustment code:
. 
.................................................
LaTeX Info: Redefining \C on input line 17.
.................................................
. fontspec info: "no-scripts"
. 
. Font Times New Roman Bold does not contain any OpenType `Script'
. information.
.................................................
\g__fontspec_family_TimesNewRomanBold_int=\count152
.................................................
. fontspec info: "no-font-shape"
. 
. Could not resolve font Times New Roman Bold/B (it probably doesn't exist).
.................................................
.................................................
. fontspec info: "defining-font"
. 
. Font family 'TimesNewRomanBold(0)' created for font 'Times New Roman Bold'
. with options [].
. 
. This font family consists of the following shapes:
. 
. * 'normal' with NFSS spec.:
. <->"Times New Roman Bold/OT:"
. 
. * 'small caps' with NFSS spec.:
. 
. and font adjustment code:
. 
. 
. * 'italic' with NFSS spec.:
. <->"Times New Roman Bold/I/OT:"
. 
. * 'small caps' with NFSS spec.:
. 
. and font adjustment code:
. 
. 
. * 'bold italic' with NFSS spec.:
. <->"Times New Roman Bold/BI/OT:"
. 
. * 'bold small caps' with NFSS spec.:
. 
. and font adjustment code:
. 
.................................................
.................................................
. fontspec info: "no-scripts"
. 
. Font Times New Roman Italic does not contain any OpenType `Script'
. information.
.................................................
\g__fontspec_family_TimesNewRomanItalic_int=\count153
.................................................
. fontspec info: "defining-font"
. 
. Font family 'TimesNewRomanItalic(0)' created for font 'Times New Roman
. Italic' with options [].
. 
. This font family consists of the following shapes:
. 
. * 'normal' with NFSS spec.:
. <->"Times New Roman Italic/OT:"
. 
. * 'small caps' with NFSS spec.:
. 
. and font adjustment code:
. 
. 
. * 'bold' with NFSS spec.:
. <->"Times New Roman Italic/B/OT:"
. 
. * 'bold small caps' with NFSS spec.:
. 
. and font adjustment code:
. 
. 
. * 'italic' with NFSS spec.:
. <->"Times New Roman Italic/I/OT:"
. 
. * 'small caps' with NFSS spec.:
. 
. and font adjustment code:
. 
. 
. * 'bold italic' with NFSS spec.:
. <->"Times New Roman Italic/BI/OT:"
. 
. * 'bold small caps' with NFSS spec.:
. 
. and font adjustment code:
. 
.................................................
(./bqmail.aux)
\openout1 = `bqmail.aux'.

LaTeX Font Info:    Checking defaults for OML/cmm/m/it on input line 30.
LaTeX Font Info:    ... okay on input line 30.
LaTeX Font Info:    Checking defaults for T1/cmr/m/n on input line 30.
LaTeX Font Info:    ... okay on input line 30.
LaTeX Font Info:    Checking defaults for OT1/cmr/m/n on input line 30.
LaTeX Font Info:    ... okay on input line 30.
LaTeX Font Info:    Checking defaults for OMS/cmsy/m/n on input line 30.
LaTeX Font Info:    ... okay on input line 30.
LaTeX Font Info:    Checking defaults for OMX/cmex/m/n on input line 30.
LaTeX Font Info:    ... okay on input line 30.
LaTeX Font Info:    Checking defaults for U/cmr/m/n on input line 30.
LaTeX Font Info:    ... okay on input line 30.
LaTeX Font Info:    Checking defaults for EU1/lmr/m/n on input line 30.
LaTeX Font Info:    ... okay on input line 30.
LaTeX Font Info:    Checking defaults for T3/cmr/m/n on input line 30.
LaTeX Font Info:    Try loading font information for T3+cmr on input line 30.
 (/usr/local/texlive/2015/texmf-dist/tex/latex/tipa/t3cmr.fd
File: t3cmr.fd 2001/12/31 TIPA font definitions
)
LaTeX Font Info:    ... okay on input line 30.
LaTeX Font Info:    Checking defaults for PD1/pdf/m/n on input line 30.
LaTeX Font Info:    ... okay on input line 30.
LaTeX Font Info:    Checking defaults for PU/pdf/m/n on input line 30.
LaTeX Font Info:    ... okay on input line 30.

*geometry* driver: auto-detecting
*geometry* detected driver: xetex
*geometry* verbose mode - [ preamble ] result:
* driver: xetex
* paper: a4paper
* layout: <same size as paper>
* layoutoffset:(h,v)=(0.0pt,0.0pt)
* modes: 
* h-part:(L,W,R)=(99.58464pt, 398.3386pt, 99.58464pt)
* v-part:(T,H,B)=(85.35826pt, 702.78308pt, 56.9055pt)
* \paperwidth=597.50787pt
* \paperheight=845.04684pt
* \textwidth=398.3386pt
* \textheight=702.78308pt
* \oddsidemargin=27.31465pt
* \evensidemargin=27.31465pt
* \topmargin=-23.91173pt
* \headheight=12.0pt
* \headsep=25.0pt
* \topskip=12.0pt
* \footskip=30.0pt
* \marginparwidth=35.0pt
* \marginparsep=10.0pt
* \columnsep=10.0pt
* \skip\footins=10.8pt plus 4.0pt minus 2.0pt
* \hoffset=0.0pt
* \voffset=0.0pt
* \mag=1000
* \@twocolumnfalse
* \@twosidefalse
* \@mparswitchfalse
* \@reversemarginfalse
* (1in=72.27pt=25.4mm, 1cm=28.453pt)

.................................................
. fontspec info: "setup-math"
. 
. Adjusting the maths setup (use [no-math] to avoid this).
.................................................
\symlegacymaths=\mathgroup4
LaTeX Font Info:    Overwriting symbol font `legacymaths' in version `bold'
(Font)                  OT1/cmr/m/n --> OT1/cmr/bx/n on input line 30.
LaTeX Font Info:    Redeclaring math accent \acute on input line 30.
LaTeX Font Info:    Redeclaring math accent \grave on input line 30.
LaTeX Font Info:    Redeclaring math accent \ddot on input line 30.
LaTeX Font Info:    Redeclaring math accent \tilde on input line 30.
LaTeX Font Info:    Redeclaring math accent \bar on input line 30.
LaTeX Font Info:    Redeclaring math accent \breve on input line 30.
LaTeX Font Info:    Redeclaring math accent \check on input line 30.
LaTeX Font Info:    Redeclaring math accent \hat on input line 30.
LaTeX Font Info:    Redeclaring math accent \dot on input line 30.
LaTeX Font Info:    Redeclaring math accent \mathring on input line 30.
LaTeX Font Info:    Redeclaring math symbol \colon on input line 30.
LaTeX Font Info:    Redeclaring math symbol \Gamma on input line 30.
LaTeX Font Info:    Redeclaring math symbol \Delta on input line 30.
LaTeX Font Info:    Redeclaring math symbol \Theta on input line 30.
LaTeX Font Info:    Redeclaring math symbol \Lambda on input line 30.
LaTeX Font Info:    Redeclaring math symbol \Xi on input line 30.
LaTeX Font Info:    Redeclaring math symbol \Pi on input line 30.
LaTeX Font Info:    Redeclaring math symbol \Sigma on input line 30.
LaTeX Font Info:    Redeclaring math symbol \Upsilon on input line 30.
LaTeX Font Info:    Redeclaring math symbol \Phi on input line 30.
LaTeX Font Info:    Redeclaring math symbol \Psi on input line 30.
LaTeX Font Info:    Redeclaring math symbol \Omega on input line 30.
LaTeX Font Info:    Redeclaring math symbol \mathdollar on input line 30.
LaTeX Font Info:    Redeclaring symbol font `operators' on input line 30.
LaTeX Font Info:    Encoding `OT1' has changed to `EU1' for symbol font
(Font)              `operators' in the math version `normal' on input line 30.
LaTeX Font Info:    Overwriting symbol font `operators' in version `normal'
(Font)                  OT1/cmr/m/n --> EU1/TimesNewRoman(0)/m/n on input line 
30.
LaTeX Font Info:    Encoding `OT1' has changed to `EU1' for symbol font
(Font)              `operators' in the math version `bold' on input line 30.
LaTeX Font Info:    Overwriting symbol font `operators' in version `bold'
(Font)                  OT1/cmr/bx/n --> EU1/TimesNewRoman(0)/m/n on input line
 30.
LaTeX Font Info:    Overwriting symbol font `operators' in version `normal'
(Font)                  EU1/TimesNewRoman(0)/m/n --> EU1/TimesNewRoman(0)/m/n o
n input line 30.
LaTeX Font Info:    Overwriting math alphabet `\mathit' in version `normal'
(Font)                  OT1/cmr/m/it --> EU1/TimesNewRoman(0)/m/it on input lin
e 30.
LaTeX Font Info:    Overwriting math alphabet `\mathbf' in version `normal'
(Font)                  OT1/cmr/bx/n --> EU1/TimesNewRoman(0)/bx/n on input lin
e 30.
LaTeX Font Info:    Overwriting math alphabet `\mathsf' in version `normal'
(Font)                  OT1/cmss/m/n --> EU1/lmss/m/n on input line 30.
LaTeX Font Info:    Overwriting math alphabet `\mathtt' in version `normal'
(Font)                  OT1/cmtt/m/n --> EU1/lmtt/m/n on input line 30.
LaTeX Font Info:    Overwriting symbol font `operators' in version `bold'
(Font)                  EU1/TimesNewRoman(0)/m/n --> EU1/TimesNewRoman(0)/bx/n 
on input line 30.
LaTeX Font Info:    Overwriting math alphabet `\mathit' in version `bold'
(Font)                  OT1/cmr/bx/it --> EU1/TimesNewRoman(0)/bx/it on input l
ine 30.
LaTeX Font Info:    Overwriting math alphabet `\mathsf' in version `bold'
(Font)                  OT1/cmss/bx/n --> EU1/lmss/bx/n on input line 30.
LaTeX Font Info:    Overwriting math alphabet `\mathtt' in version `bold'
(Font)                  OT1/cmtt/m/n --> EU1/lmtt/bx/n on input line 30.
\AtBeginShipoutBox=\box45
(/usr/local/texlive/2015/texmf-dist/tex/latex/graphics/color.sty
Package: color 2014/10/28 v1.1a Standard LaTeX Color (DPC)
LaTeX Info: Redefining \color on input line 81.

(/usr/local/texlive/2015/texmf-dist/tex/latex/latexconfig/color.cfg
File: color.cfg 2007/01/18 v1.5 color configuration of teTeX/TeXLive
)
Package color Info: Driver file: xetex.def on input line 142.
)
Package hyperref Info: Link coloring ON on input line 30.

(/usr/local/texlive/2015/texmf-dist/tex/latex/hyperref/nameref.sty
Package: nameref 2012/10/27 v2.43 Cross-referencing by name of section

(/usr/local/texlive/2015/texmf-dist/tex/generic/oberdiek/gettitlestring.sty
Package: gettitlestring 2010/12/03 v1.4 Cleanup title references (HO)
)
\c@section@level=\count154
)
LaTeX Info: Redefining \ref on input line 30.
LaTeX Info: Redefining \pageref on input line 30.
LaTeX Info: Redefining \nameref on input line 30.

(./bqmail.out) (./bqmail.out)
\@outlinefile=\write3
\openout3 = `bqmail.out'.

\c@lstlisting=\count155
LaTeX Font Info:    External font `cmex10' loaded for size
(Font)              <14.4> on input line 32.
LaTeX Font Info:    External font `cmex10' loaded for size
(Font)              <7> on input line 32.
LaTeX Font Info:    External font `cmex10' loaded for size
(Font)              <10.95> on input line 32.
LaTeX Font Info:    External font `cmex10' loaded for size
(Font)              <8> on input line 32.
LaTeX Font Info:    External font `cmex10' loaded for size
(Font)              <6> on input line 32.

(/usr/local/texlive/2015/texmf-dist/tex/generic/oberdiek/se-ascii-print.def
File: se-ascii-print.def 2011/12/02 v1.10 stringenc: Printable ASCII characters

)
[1

] (./bqmail.toc
LaTeX Font Info:    External font `cmex10' loaded for size
(Font)              <12> on input line 3.
)
\tf@toc=\write4
\openout4 = `bqmail.toc'.

 [1

]
Chapter 1.
LaTeX Font Info:    Try loading font information for EU1+lmtt on input line 39.

(/usr/local/texlive/2015/texmf-dist/tex/latex/euenc/eu1lmtt.fd
File: eu1lmtt.fd 2009/10/30 v1.6 Font defs for Latin Modern
) [2

]
Chapter 2.
! Font EU1/Consolas(0)/m/n/12=Consolas: at 12.0pt not loadable: Metric (TFM) fi
le or installed font not found.
<to be read again> 
                   relax 
l.56 \begin{lstlisting}
                       
I wasn't able to read the size data for this font,
so I will ignore the font specification.
[Wizards can fix TFM files using TFtoPL/PLtoTF.]
You might try inserting a different font spec;
e.g., type `I\font<same font id>=<substitute font name>'.

! Font EU1/Consolas(0)/m/n/10=Consolas: at 10.0pt not loadable: Metric (TFM) fi
le or installed font not found.
<to be read again> 
                   relax 
l.56 \begin{lstlisting}
                       
I wasn't able to read the size data for this font,
so I will ignore the font specification.
[Wizards can fix TFM files using TFtoPL/PLtoTF.]
You might try inserting a different font spec;
e.g., type `I\font<same font id>=<substitute font name>'.

Missing character: There is no g in font nullfont!
Missing character: There is no i in font nullfont!
Missing character: There is no t in font nullfont!
Missing character: There is no c in font nullfont!
Missing character: There is no l in font nullfont!
Missing character: There is no o in font nullfont!
Missing character: There is no n in font nullfont!
Missing character: There is no e in font nullfont!
Missing character: There is no g in font nullfont!
Missing character: There is no i in font nullfont!
Missing character: There is no t in font nullfont!
Missing character: There is no : in font nullfont!
Missing character: There is no / in font nullfont!
Missing character: There is no / in font nullfont!
Missing character: There is no g in font nullfont!
Missing character: There is no i in font nullfont!
Missing character: There is no t in font nullfont!
Missing character: There is no h in font nullfont!
Missing character: There is no u in font nullfont!
Missing character: There is no b in font nullfont!
Missing character: There is no . in font nullfont!
Missing character: There is no c in font nullfont!
Missing character: There is no o in font nullfont!
Missing character: There is no m in font nullfont!
Missing character: There is no / in font nullfont!
Missing character: There is no x in font nullfont!
Missing character: There is no u in font nullfont!
Missing character: There is no m in font nullfont!
Missing character: There is no i in font nullfont!
Missing character: There is no 1 in font nullfont!
Missing character: There is no 9 in font nullfont!
Missing character: There is no 9 in font nullfont!
Missing character: There is no 3 in font nullfont!
Missing character: There is no / in font nullfont!
Missing character: There is no b in font nullfont!
Missing character: There is no q in font nullfont!
Missing character: There is no m in font nullfont!
Missing character: There is no a in font nullfont!
Missing character: There is no i in font nullfont!
Missing character: There is no l in font nullfont!
Missing character: There is no . in font nullfont!
Missing character: There is no g in font nullfont!
Missing character: There is no i in font nullfont!
Missing character: There is no t in font nullfont!
Missing character: There is no c in font nullfont!
Missing character: There is no d in font nullfont!
Missing character: There is no b in font nullfont!
Missing character: There is no q in font nullfont!
Missing character: There is no m in font nullfont!
Missing character: There is no a in font nullfont!
Missing character: There is no i in font nullfont!
Missing character: There is no l in font nullfont!
Missing character: There is no . in font nullfont!
Missing character: There is no / in font nullfont!
Missing character: There is no i in font nullfont!
Missing character: There is no n in font nullfont!
Missing character: There is no s in font nullfont!
Missing character: There is no t in font nullfont!
Missing character: There is no a in font nullfont!
Missing character: There is no l in font nullfont!
Missing character: There is no l in font nullfont!
Missing character: There is no . in font nullfont!
Missing character: There is no s in font nullfont!
Missing character: There is no h in font nullfont!
[3

]
Chapter 3.

Overfull \hbox (34.92899pt too wide) in paragraph at lines 74--75
\EU1/TimesNewRomanBold(0)/m/n/12 bqmail -N\EU1/TimesNewRomanItalic(0)/m/n/12 ne
twork \EU1/TimesNewRomanBold(0)/m/n/12 -S\EU1/TimesNewRomanItalic(0)/m/n/12 sta
tion \EU1/TimesNewRomanBold(0)/m/n/12 -Y\EU1/TimesNewRomanItalic(0)/m/n/12 ymin
/mmin/dmin/ymax/mmax/dmax \EU1/TimesNewRomanBold(0)/m/n/12 -B\EU1/TimesNewRoman
Italic(0)/m/n/12 sec_before/sec_after
 []

Missing character: There is no e in font nullfont!
Missing character: There is no v in font nullfont!
Missing character: There is no e in font nullfont!
Missing character: There is no n in font nullfont!
Missing character: There is no t in font nullfont!
Missing character: There is no l in font nullfont!
Missing character: There is no s in font nullfont!
Missing character: There is no t in font nullfont!
Missing character: There is no N in font nullfont!
Missing character: There is no A in font nullfont!
Missing character: There is no M in font nullfont!
Missing character: There is no E in font nullfont!
Missing character: There is no I in font nullfont!
Missing character: There is no N in font nullfont!
Missing character: There is no S in font nullfont!
Missing character: There is no T in font nullfont!
Missing character: There is no E in font nullfont!
Missing character: There is no M in font nullfont!
Missing character: There is no A in font nullfont!
Missing character: There is no I in font nullfont!
Missing character: There is no L in font nullfont!
Missing character: There is no M in font nullfont!
Missing character: There is no E in font nullfont!
Missing character: There is no D in font nullfont!
Missing character: There is no I in font nullfont!
Missing character: There is no A in font nullfont!
Missing character: There is no E in font nullfont!
Missing character: There is no l in font nullfont!
Missing character: There is no e in font nullfont!
Missing character: There is no c in font nullfont!
Missing character: There is no t in font nullfont!
Missing character: There is no r in font nullfont!
Missing character: There is no o in font nullfont!
Missing character: There is no n in font nullfont!
Missing character: There is no i in font nullfont!
Missing character: There is no c in font nullfont!
Missing character: There is no ( in font nullfont!
Missing character: There is no F in font nullfont!
Missing character: There is no T in font nullfont!
Missing character: There is no P in font nullfont!
Missing character: There is no ) in font nullfont!
Missing character: There is no h in font nullfont!
Missing character: There is no o in font nullfont!
Missing character: There is no s in font nullfont!
Missing character: There is no t in font nullfont!
Missing character: There is no s in font nullfont!
Missing character: There is no p in font nullfont!
Missing character: There is no o in font nullfont!
Missing character: There is no r in font nullfont!
Missing character: There is no t in font nullfont!
Missing character: There is no 2 in font nullfont!
Missing character: There is no 5 in font nullfont!
Missing character: There is no p in font nullfont!
Missing character: There is no a in font nullfont!
Missing character: There is no s in font nullfont!
Missing character: There is no s in font nullfont!
Missing character: There is no w in font nullfont!
Missing character: There is no d in font nullfont!
Missing character: There is no E in font nullfont!
Missing character: There is no M in font nullfont!
Missing character: There is no A in font nullfont!
Missing character: There is no I in font nullfont!
Missing character: There is no L in font nullfont!

Overfull \hbox (5.18637pt too wide) in paragraph at lines 77--95
[]\EU1/TimesNewRoman(0)/m/n/12 Specify directory of config file, which contains
 a events list, BREQ_FAST
 []


LaTeX Font Warning: Font shape `EU1/TimesNewRomanBold(0)/bx/n' undefined
(Font)              using `EU1/TimesNewRomanBold(0)/m/n' instead on input line 
95.


Overfull \hbox (1.12424pt too wide) in paragraph at lines 97--98
[]\EU1/TimesNewRoman(0)/m/n/12 Select a date range during the archive time. 
 []

[4

]
Missing character: There is no b in font nullfont!
Missing character: There is no q in font nullfont!
Missing character: There is no m in font nullfont!
Missing character: There is no a in font nullfont!
Missing character: There is no i in font nullfont!
Missing character: There is no l in font nullfont!
LaTeX Font Info:    External font `cmex10' loaded for size
(Font)              <5> on input line 110.
Missing character: There is no N in font nullfont!
Missing character: There is no C in font nullfont!
Missing character: There is no B in font nullfont!
Missing character: There is no S in font nullfont!
Missing character: There is no N in font nullfont!
Missing character: There is no J in font nullfont!
Missing character: There is no 2 in font nullfont!
Missing character: There is no Y in font nullfont!
Missing character: There is no 2 in font nullfont!
Missing character: There is no 0 in font nullfont!
Missing character: There is no 1 in font nullfont!
Missing character: There is no 3 in font nullfont!
Missing character: There is no / in font nullfont!
Missing character: There is no 1 in font nullfont!
Missing character: There is no / in font nullfont!
Missing character: There is no 1 in font nullfont!
Missing character: There is no / in font nullfont!
Missing character: There is no 2 in font nullfont!
Missing character: There is no 0 in font nullfont!
Missing character: There is no 1 in font nullfont!
Missing character: There is no 4 in font nullfont!
Missing character: There is no / in font nullfont!
Missing character: There is no 1 in font nullfont!
Missing character: There is no 2 in font nullfont!
Missing character: There is no / in font nullfont!
Missing character: There is no 3 in font nullfont!
Missing character: There is no 1 in font nullfont!
Missing character: There is no B in font nullfont!
Missing character: There is no 0 in font nullfont!
Missing character: There is no / in font nullfont!
Missing character: There is no 3 in font nullfont!
Missing character: There is no 6 in font nullfont!
Missing character: There is no 0 in font nullfont!
Missing character: There is no 0 in font nullfont!
Missing character: There is no h in font nullfont!
Missing character: There is no e in font nullfont!
Missing character: There is no a in font nullfont!
Missing character: There is no d in font nullfont!
Missing character: There is no . in font nullfont!
Missing character: There is no c in font nullfont!
Missing character: There is no f in font nullfont!
Missing character: There is no g in font nullfont!

Overfull \hbox (15.61649pt too wide) in paragraph at lines 117--118
\EU1/TimesNewRomanBold(0)/bx/n/12 bqmail_conti -I\EU1/TimesNewRomanItalic(0)/m/
n/12 stationlist \EU1/TimesNewRomanBold(0)/bx/n/12 -Y\EU1/TimesNewRomanItalic(0
)/m/n/12 ymin/mmin/dmin/ymax/mmax/dmax \EU1/TimesNewRomanBold(0)/bx/n/12 -H\EU1
/TimesNewRomanItalic(0)/m/n/12 hours \EU1/TimesNewRoman(0)/m/n/12 [\EU1/TimesNe
wRomanBold(0)/bx/n/12 -C\EU1/TimesNewRomanItalic(0)/m/n/12 channel\EU1/TimesNew
Roman(0)/m/n/12 ]
 []


Overfull \hbox (1.12424pt too wide) in paragraph at lines 122--123
[]\EU1/TimesNewRoman(0)/m/n/12 Select a date range during the archive time. 
 []

[5]
Missing character: There is no b in font nullfont!
Missing character: There is no q in font nullfont!
Missing character: There is no m in font nullfont!
Missing character: There is no a in font nullfont!
Missing character: There is no i in font nullfont!
Missing character: There is no l in font nullfont!
Missing character: There is no _ in font nullfont!
Missing character: There is no c in font nullfont!
Missing character: There is no o in font nullfont!
Missing character: There is no n in font nullfont!
Missing character: There is no t in font nullfont!
Missing character: There is no i in font nullfont!
Missing character: There is no I in font nullfont!
Missing character: There is no s in font nullfont!
Missing character: There is no t in font nullfont!
Missing character: There is no a in font nullfont!
Missing character: There is no . in font nullfont!
Missing character: There is no l in font nullfont!
Missing character: There is no s in font nullfont!
Missing character: There is no t in font nullfont!
Missing character: There is no Y in font nullfont!
Missing character: There is no 2 in font nullfont!
Missing character: There is no 0 in font nullfont!
Missing character: There is no 1 in font nullfont!
Missing character: There is no 5 in font nullfont!
Missing character: There is no / in font nullfont!
Missing character: There is no 1 in font nullfont!
Missing character: There is no / in font nullfont!
Missing character: There is no 1 in font nullfont!
Missing character: There is no / in font nullfont!
Missing character: There is no 2 in font nullfont!
Missing character: There is no 0 in font nullfont!
Missing character: There is no 1 in font nullfont!
Missing character: There is no 5 in font nullfont!
Missing character: There is no / in font nullfont!
Missing character: There is no 1 in font nullfont!
Missing character: There is no / in font nullfont!
Missing character: There is no 5 in font nullfont!
Missing character: There is no H in font nullfont!
Missing character: There is no 2 in font nullfont!
Missing character: There is no 4 in font nullfont!
Missing character: There is no F in font nullfont!
Missing character: There is no m in font nullfont!
Missing character: There is no i in font nullfont!
Missing character: There is no n in font nullfont!
Missing character: There is no i in font nullfont!
Missing character: There is no s in font nullfont!
Missing character: There is no e in font nullfont!
Missing character: There is no e in font nullfont!
Missing character: There is no d in font nullfont!
Missing character: There is no \ in font nullfont!
Missing character: There is no h in font nullfont!
Missing character: There is no e in font nullfont!
Missing character: There is no a in font nullfont!
Missing character: There is no d in font nullfont!
Missing character: There is no . in font nullfont!
Missing character: There is no c in font nullfont!
Missing character: There is no f in font nullfont!
Missing character: There is no g in font nullfont!
Missing character: There is no C in font nullfont!
Missing character: There is no B in font nullfont!
Missing character: There is no N in font nullfont!
Missing character: There is no J in font nullfont!
Missing character: There is no 2 in font nullfont!
Missing character: There is no C in font nullfont!
Missing character: There is no B in font nullfont!
Missing character: There is no T in font nullfont!
Missing character: There is no N in font nullfont!
Missing character: There is no C in font nullfont!
Missing character: There is no I in font nullfont!
Missing character: There is no C in font nullfont!
Missing character: There is no B in font nullfont!
Missing character: There is no J in font nullfont!
Missing character: There is no T in font nullfont!
Missing character: There is no 0 in font nullfont!
Missing character: There is no 0 in font nullfont!

Overfull \hbox (3.56766pt too wide) in paragraph at lines 147--149
\EU1/TimesNewRoman(0)/m/n/12 [\EU1/TimesNewRomanBold(0)/bx/n/12 -D\EU1/TimesNew
RomanItalic(0)/m/n/12 lon/lat/dismin/dismax\EU1/TimesNewRoman(0)/m/n/12 ] [\EU1
/TimesNewRomanBold(0)/bx/n/12 -Y\EU1/TimesNewRomanItalic(0)/m/n/12 ymin/mmin/dm
in/ymax/mmax/dmax\EU1/TimesNewRoman(0)/m/n/12 ] [\EU1/TimesNewRomanBold(0)/bx/n
/12 -C\EU1/TimesNewRomanItalic(0)/m/n/12 channel\EU1/TimesNewRoman(0)/m/n/12 ] 
[\EU1/TimesNewRomanBold(0)/bx/n/12 -K\EU1/TimesNewRoman(0)/m/n/12 ] 
 []


Overfull \hbox (1.12424pt too wide) in paragraph at lines 155--156
[]\EU1/TimesNewRoman(0)/m/n/12 Select a date range during the archive time. 
 []

[6]
Missing character: There is no s in font nullfont!
Missing character: There is no e in font nullfont!
Missing character: There is no a in font nullfont!
Missing character: There is no r in font nullfont!
Missing character: There is no c in font nullfont!
Missing character: There is no h in font nullfont!
Missing character: There is no D in font nullfont!
Missing character: There is no M in font nullfont!
Missing character: There is no C in font nullfont!
Missing character: There is no R in font nullfont!
Missing character: There is no 9 in font nullfont!
Missing character: There is no 0 in font nullfont!
Missing character: There is no / in font nullfont!
Missing character: There is no 1 in font nullfont!
Missing character: There is no 0 in font nullfont!
Missing character: There is no 0 in font nullfont!
Missing character: There is no / in font nullfont!
Missing character: There is no 2 in font nullfont!
Missing character: There is no 0 in font nullfont!
Missing character: There is no / in font nullfont!
Missing character: There is no 3 in font nullfont!
Missing character: There is no 0 in font nullfont!
Missing character: There is no Y in font nullfont!
Missing character: There is no 2 in font nullfont!
Missing character: There is no 0 in font nullfont!
Missing character: There is no 0 in font nullfont!
Missing character: There is no 2 in font nullfont!
Missing character: There is no / in font nullfont!
Missing character: There is no 1 in font nullfont!
Missing character: There is no / in font nullfont!
Missing character: There is no 1 in font nullfont!
Missing character: There is no / in font nullfont!
Missing character: There is no 2 in font nullfont!
Missing character: There is no 0 in font nullfont!
Missing character: There is no 0 in font nullfont!
Missing character: There is no 4 in font nullfont!
Missing character: There is no / in font nullfont!
Missing character: There is no 1 in font nullfont!
Missing character: There is no 2 in font nullfont!
Missing character: There is no / in font nullfont!
Missing character: There is no 3 in font nullfont!
Missing character: There is no 1 in font nullfont!
Missing character: There is no s in font nullfont!
Missing character: There is no e in font nullfont!
Missing character: There is no a in font nullfont!
Missing character: There is no r in font nullfont!
Missing character: There is no c in font nullfont!
Missing character: There is no h in font nullfont!
Missing character: There is no D in font nullfont!
Missing character: There is no M in font nullfont!
Missing character: There is no C in font nullfont!
Missing character: There is no D in font nullfont!
Missing character: There is no 1 in font nullfont!
Missing character: There is no 0 in font nullfont!
Missing character: There is no 0 in font nullfont!
Missing character: There is no / in font nullfont!
Missing character: There is no 2 in font nullfont!
Missing character: There is no 5 in font nullfont!
Missing character: There is no / in font nullfont!
Missing character: There is no 0 in font nullfont!
Missing character: There is no / in font nullfont!
Missing character: There is no 1 in font nullfont!
Missing character: There is no 0 in font nullfont!
Missing character: There is no I in font nullfont!
Missing character: There is no C in font nullfont!
Missing character: There is no H in font nullfont!
Missing character: There is no H in font nullfont!
Missing character: There is no Z in font nullfont!
Missing character: There is no s in font nullfont!
Missing character: There is no e in font nullfont!
Missing character: There is no a in font nullfont!
Missing character: There is no r in font nullfont!
Missing character: There is no c in font nullfont!
Missing character: There is no h in font nullfont!
Missing character: There is no D in font nullfont!
Missing character: There is no M in font nullfont!
Missing character: There is no C in font nullfont!
Missing character: There is no N in font nullfont!
Missing character: There is no I in font nullfont!
Missing character: There is no C in font nullfont!
Missing character: There is no C in font nullfont!
Missing character: There is no H in font nullfont!
Missing character: There is no H in font nullfont!
Missing character: There is no Z in font nullfont!
Missing character: There is no K in font nullfont!
Missing character: There is no u in font nullfont!
Missing character: There is no p in font nullfont!
Missing character: There is no d in font nullfont!
Missing character: There is no a in font nullfont!
Missing character: There is no t in font nullfont!
Missing character: There is no e in font nullfont!
Missing character: There is no C in font nullfont!
Missing character: There is no a in font nullfont!
Missing character: There is no t in font nullfont!
Missing character: There is no a in font nullfont!
Missing character: There is no l in font nullfont!
Missing character: There is no o in font nullfont!
Missing character: There is no g in font nullfont!
Missing character: There is no I in font nullfont!
Missing character: There is no ~ in font nullfont!
Missing character: There is no / in font nullfont!
Missing character: There is no w in font nullfont!
Missing character: There is no o in font nullfont!
Missing character: There is no r in font nullfont!
Missing character: There is no k in font nullfont!
Missing character: There is no / in font nullfont!
Missing character: There is no E in font nullfont!
Missing character: There is no v in font nullfont!
Missing character: There is no e in font nullfont!
Missing character: There is no n in font nullfont!
Missing character: There is no t in font nullfont!
Missing character: There is no C in font nullfont!
Missing character: There is no M in font nullfont!
Missing character: There is no T in font nullfont!
Missing character: There is no . in font nullfont!
Missing character: There is no d in font nullfont!
Missing character: There is no a in font nullfont!
Missing character: There is no t in font nullfont!
Missing character: There is no O in font nullfont!
Missing character: There is no / in font nullfont!
Missing character: There is no t in font nullfont!
Missing character: There is no m in font nullfont!
Missing character: There is no p in font nullfont!
Missing character: There is no / in font nullfont!
Missing character: There is no N in font nullfont!
Missing character: There is no e in font nullfont!
Missing character: There is no w in font nullfont!
Missing character: There is no l in font nullfont!
Missing character: There is no i in font nullfont!
Missing character: There is no s in font nullfont!
Missing character: There is no t in font nullfont!
Missing character: There is no . in font nullfont!
Missing character: There is no d in font nullfont!
Missing character: There is no a in font nullfont!
Missing character: There is no t in font nullfont!
Package atveryend Info: Empty hook `BeforeClearDocument' on input line 191.
 [7]
Package atveryend Info: Empty hook `AfterLastShipout' on input line 191.
 (./bqmail.aux)
Package atveryend Info: Empty hook `AtVeryEndDocument' on input line 191.
Package atveryend Info: Empty hook `AtEndAfterFileList' on input line 191.


LaTeX Font Warning: Some font shapes were not available, defaults substituted.

Package atveryend Info: Empty hook `AtVeryVeryEnd' on input line 191.
 ) 
Here is how much of TeX's memory you used:
 22415 strings out of 493706
 414513 string characters out of 6145770
 466712 words of memory out of 5000000
 25589 multiletter control sequences out of 15000+600000
 8853 words of font info for 66 fonts, out of 8000000 for 9000
 1328 hyphenation exceptions out of 8191
 46i,9n,59p,10396b,952s stack positions out of 5000i,500n,10000p,200000b,80000s

Output written on bqmail.pdf (8 pages).
