\BOOKMARK [0][-]{chapter.1}{Introduction}{}% 1
\BOOKMARK [0][-]{chapter.2}{Installation}{}% 2
\BOOKMARK [1][-]{section.2.1}{Dependencies}{chapter.2}% 3
\BOOKMARK [1][-]{section.2.2}{Installation}{chapter.2}% 4
\BOOKMARK [2][-]{subsection.2.2.1}{Download\040BQMail}{section.2.2}% 5
\BOOKMARK [2][-]{subsection.2.2.2}{Install\040BQMail}{section.2.2}% 6
\BOOKMARK [0][-]{chapter.3}{Tutorial}{}% 7
\BOOKMARK [1][-]{section.3.1}{bqmail}{chapter.3}% 8
\BOOKMARK [2][-]{subsection.3.1.1}{Synopsis}{section.3.1}% 9
\BOOKMARK [2][-]{subsection.3.1.2}{Required\040Arguments}{section.3.1}% 10
\BOOKMARK [2][-]{subsection.3.1.3}{Optional\040Arguments}{section.3.1}% 11
\BOOKMARK [2][-]{subsection.3.1.4}{Example}{section.3.1}% 12
\BOOKMARK [1][-]{section.3.2}{bqmail_conti}{chapter.3}% 13
\BOOKMARK [2][-]{subsection.3.2.1}{Synopsis}{section.3.2}% 14
\BOOKMARK [2][-]{subsection.3.2.2}{Required\040Arguments}{section.3.2}% 15
\BOOKMARK [2][-]{subsection.3.2.3}{Optional\040Arguments}{section.3.2}% 16
\BOOKMARK [2][-]{subsection.3.2.4}{Example}{section.3.2}% 17
\BOOKMARK [1][-]{section.3.3}{searchDMC}{chapter.3}% 18
\BOOKMARK [2][-]{subsection.3.3.1}{Synopsis}{section.3.3}% 19
\BOOKMARK [2][-]{subsection.3.3.2}{Arguments}{section.3.3}% 20
\BOOKMARK [2][-]{subsection.3.3.3}{Example}{section.3.3}% 21
\BOOKMARK [1][-]{section.3.4}{updateCatalog}{chapter.3}% 22
\BOOKMARK [2][-]{subsection.3.4.1}{Synopsis}{section.3.4}% 23
\BOOKMARK [2][-]{subsection.3.4.2}{Required\040Arguments}{section.3.4}% 24
\BOOKMARK [2][-]{subsection.3.4.3}{Optional\040Arguments}{section.3.4}% 25
\BOOKMARK [2][-]{subsection.3.4.4}{Example}{section.3.4}% 26
